nov. 11, 2022 7:09:05 DA TARDE com.khm.reactivepostgres.controller.StudentController logger
INFO: Client requested list of all students.
nov. 11, 2022 7:09:06 DA TARDE com.khm.reactivepostgres.controller.StudentController logger
INFO: Client requested list of all students.
nov. 11, 2022 7:09:06 DA TARDE com.khm.reactivepostgres.controller.StudentController logger
INFO: Client requested list of all students.
nov. 11, 2022 7:09:06 DA TARDE com.khm.reactivepostgres.controller.StudentController logger
INFO: Client requested list of all students.
nov. 11, 2022 7:09:06 DA TARDE com.khm.reactivepostgres.controller.StudentController logger
INFO: Client requested list of all students.
nov. 11, 2022 7:09:06 DA TARDE com.khm.reactivepostgres.controller.StudentController logger
INFO: Client requested list of all students.
nov. 11, 2022 7:09:06 DA TARDE com.khm.reactivepostgres.controller.StudentController logger
INFO: Client requested list of all students.
nov. 11, 2022 7:09:06 DA TARDE com.khm.reactivepostgres.controller.StudentController logger
INFO: Client requested list of all students.
nov. 11, 2022 7:09:06 DA TARDE com.khm.reactivepostgres.controller.StudentController logger
INFO: Client requested list of all students.
nov. 11, 2022 7:09:06 DA TARDE com.khm.reactivepostgres.controller.StudentController logger
INFO: Client requested list of all students.
nov. 11, 2022 7:09:06 DA TARDE com.khm.reactivepostgres.controller.StudentController logger
INFO: Client requested list of all students.
nov. 11, 2022 7:09:06 DA TARDE com.khm.reactivepostgres.controller.StudentController logger
INFO: Client requested list of all students.
nov. 11, 2022 7:09:06 DA TARDE com.khm.reactivepostgres.controller.StudentController logger
INFO: Client requested list of all students.
nov. 11, 2022 7:09:06 DA TARDE com.khm.reactivepostgres.controller.StudentController logger
INFO: Client requested list of all students.
nov. 11, 2022 7:09:06 DA TARDE com.khm.reactivepostgres.controller.StudentController logger
INFO: Client requested list of all students.
nov. 11, 2022 7:09:06 DA TARDE com.khm.reactivepostgres.controller.Student_professorController logger
INFO: Client requested all relationships.
nov. 11, 2022 7:09:06 DA TARDE com.khm.reactivepostgres.controller.Student_professorController logger
INFO: Client requested all relationships.
nov. 11, 2022 7:09:06 DA TARDE com.khm.reactivepostgres.controller.Student_professorController logger
INFO: Client requested all relationships.
nov. 11, 2022 7:09:06 DA TARDE com.khm.reactivepostgres.controller.Student_professorController logger
INFO: Client requested all relationships.
nov. 11, 2022 7:09:06 DA TARDE com.khm.reactivepostgres.controller.Student_professorController logger
INFO: Client requested all relationships.
nov. 11, 2022 7:09:06 DA TARDE com.khm.reactivepostgres.controller.Student_professorController logger
INFO: Client requested all relationships.
nov. 11, 2022 7:09:06 DA TARDE com.khm.reactivepostgres.controller.Student_professorController logger
INFO: Client requested all relationships.
nov. 11, 2022 7:09:06 DA TARDE com.khm.reactivepostgres.controller.ProfessorController logger
INFO: Client requested list of all professors.
nov. 11, 2022 7:09:06 DA TARDE com.khm.reactivepostgres.controller.Student_professorController logger
INFO: Client requested all relationships.
nov. 11, 2022 7:09:06 DA TARDE com.khm.reactivepostgres.controller.Student_professorController logger
INFO: Client requested all relationships.
nov. 11, 2022 7:09:06 DA TARDE com.khm.reactivepostgres.controller.Student_professorController logger
INFO: Client requested all relationships.
nov. 11, 2022 7:09:06 DA TARDE com.khm.reactivepostgres.controller.Student_professorController logger
INFO: Client requested all relationships.
nov. 11, 2022 7:09:06 DA TARDE com.khm.reactivepostgres.controller.Student_professorController logger
INFO: Client requested all relationships.
nov. 11, 2022 7:09:06 DA TARDE com.khm.reactivepostgres.controller.Student_professorController logger
INFO: Client requested all relationships.
nov. 11, 2022 7:09:06 DA TARDE com.khm.reactivepostgres.controller.Student_professorController logger
INFO: Client requested all relationships.
nov. 11, 2022 7:09:06 DA TARDE com.khm.reactivepostgres.controller.Student_professorController logger
INFO: Client requested all relationships.
nov. 11, 2022 7:09:06 DA TARDE com.khm.reactivepostgres.controller.Student_professorController logger
INFO: Client requested all relationships.
nov. 11, 2022 7:09:06 DA TARDE com.khm.reactivepostgres.controller.StudentController logger
INFO: Client requested list of all students.
nov. 11, 2022 7:09:06 DA TARDE com.khm.reactivepostgres.controller.Student_professorController logger
INFO: Client requested all relationships.
nov. 11, 2022 7:09:06 DA TARDE com.khm.reactivepostgres.controller.ProfessorController logger
INFO: Client requested professor 1.
nov. 11, 2022 7:09:06 DA TARDE com.khm.reactivepostgres.controller.ProfessorController logger
INFO: Client requested professor 2.
nov. 11, 2022 7:09:06 DA TARDE com.khm.reactivepostgres.controller.ProfessorController logger
INFO: Client requested professor 3.
nov. 11, 2022 7:09:06 DA TARDE com.khm.reactivepostgres.controller.Student_professorController logger
INFO: Client requested all relationships.
nov. 11, 2022 7:09:06 DA TARDE com.khm.reactivepostgres.controller.ProfessorController logger
INFO: Client requested professor 2.
nov. 11, 2022 7:09:06 DA TARDE com.khm.reactivepostgres.controller.Student_professorController logger
INFO: Client requested all relationships.
nov. 11, 2022 7:09:06 DA TARDE com.khm.reactivepostgres.controller.ProfessorController logger
INFO: Client requested professor 2.
nov. 11, 2022 7:09:06 DA TARDE com.khm.reactivepostgres.controller.ProfessorController logger
INFO: Client requested professor 1.
nov. 11, 2022 7:09:06 DA TARDE com.khm.reactivepostgres.controller.Student_professorController logger
INFO: Client requested all relationships.
nov. 11, 2022 7:09:06 DA TARDE com.khm.reactivepostgres.controller.Student_professorController logger
INFO: Client requested all relationships.
nov. 11, 2022 7:09:06 DA TARDE com.khm.reactivepostgres.controller.Student_professorController logger
INFO: Client requested all relationships.
nov. 11, 2022 7:09:06 DA TARDE com.khm.reactivepostgres.controller.Student_professorController logger
INFO: Client requested all relationships.
